<?xml version="1.0" encoding="UTF-8"?>
<testng-results ignored="0" total="1" passed="1" failed="0" skipped="0">
  <reporter-output>
  </reporter-output>
  <suite started-at="2020-07-30T19:38:48 EDT" name="Suite" finished-at="2020-07-30T19:39:02 EDT" duration-ms="13304">
    <groups>
    </groups>
    <test started-at="2020-07-30T19:38:48 EDT" name="Test" finished-at="2020-07-30T19:39:02 EDT" duration-ms="13304">
      <class name="firstProjectPavan.firstProjectPavan.test">
        <test-method signature="jobsearchOnAllegisGroupHomePageBasic()[pri:0, instance:firstProjectPavan.firstProjectPavan.test@3f56875e]" started-at="2020-07-30T19:38:49 EDT" name="jobsearchOnAllegisGroupHomePageBasic" finished-at="2020-07-30T19:39:02 EDT" duration-ms="13156" status="PASS">
          <reporter-output>
          </reporter-output>
        </test-method> <!-- jobsearchOnAllegisGroupHomePageBasic -->
      </class> <!-- firstProjectPavan.firstProjectPavan.test -->
    </test> <!-- Test -->
  </suite> <!-- Suite -->
</testng-results>
