<?xml version="1.0" encoding="UTF-8"?>
<testng-results ignored="0" total="1" passed="1" failed="0" skipped="0">
  <reporter-output>
  </reporter-output>
  <suite started-at="2020-06-28T09:36:11 EDT" name="Suite" finished-at="2020-06-28T09:36:24 EDT" duration-ms="12505">
    <groups>
    </groups>
    <test started-at="2020-06-28T09:36:11 EDT" name="Test" finished-at="2020-06-28T09:36:24 EDT" duration-ms="12505">
      <class name="firstProjectPavan.firstProjectPavan.test">
        <test-method signature="jobsearchOnAllegisGroupHomePageBasic()[pri:0, instance:firstProjectPavan.firstProjectPavan.test@3f56875e]" started-at="2020-06-28T09:36:11 EDT" name="jobsearchOnAllegisGroupHomePageBasic" finished-at="2020-06-28T09:36:24 EDT" duration-ms="12422" status="PASS">
          <reporter-output>
          </reporter-output>
        </test-method> <!-- jobsearchOnAllegisGroupHomePageBasic -->
      </class> <!-- firstProjectPavan.firstProjectPavan.test -->
    </test> <!-- Test -->
  </suite> <!-- Suite -->
</testng-results>
